<?xml version='1.0'?>
<ns2:test-suite xmlns:ns2='urn:model.allure.qatools.yandex.ru' start='1667766281560' stop='1667766285351'>
    <name>Functional Testing on Application</name>
    <title>Functional Testing on Application</title>
    <test-cases>
        <test-case start='1667766281560' status='pending' stop='1667766281560'>
            <name>Scrolling and mouse over</name>
            <title>Scrolling and mouse over</title>
            <labels/>
            <parameters/>
            <steps/>
            <attachments/>
            <failure>
                <message>Test ignored</message>
                <stack-trace>undefined</stack-trace>
            </failure>
        </test-case>
        <test-case start='1667766281561' status='pending' stop='1667766281561'>
            <name>Handling JavaScript alerts</name>
            <title>Handling JavaScript alerts</title>
            <labels/>
            <parameters/>
            <steps/>
            <attachments/>
            <failure>
                <message>Test ignored</message>
                <stack-trace>undefined</stack-trace>
            </failure>
        </test-case>
        <test-case start='1667766281561' status='passed' stop='1667766285350'>
            <name>Web Tables validation</name>
            <title>Web Tables validation</title>
            <labels>
                <label name='language' value='javascript'/>
                <label name='framework' value='wdio'/>
                <label name='thread' value='0-2'/>
            </labels>
            <parameters>
                <parameter kind='argument' name='browser' value='chrome-107.0.5304.88'/>
            </parameters>
            <steps/>
            <attachments/>
        </test-case>
        <test-case start='1667766285351' status='pending' stop='1667766285351'>
            <name>Web Tables search</name>
            <title>Web Tables search</title>
            <labels/>
            <parameters/>
            <steps/>
            <attachments/>
            <failure>
                <message>Test ignored</message>
                <stack-trace>undefined</stack-trace>
            </failure>
        </test-case>
    </test-cases>
</ns2:test-suite>